* d0142db Agregando 2 p치rrafos
*   f6ecd78 Resolviendo conflicto en estaciones del a침o y fechas de inicio
|\  
| * 48ba410 Agregando las estaciones del a침o
* | 6f96b9f Agregando estaciones del a침o con fecha de inicio
|/  
*   203d663 Resolviendo conflicto merge main/html en el documento index.html
|\  
| * 502d799 Agregando index.js al index.html
* | d3451fe Agregando style.css al index.html
* |   fd7deca Merge branch 'js'
|\ \  
| * | a205fac Creando index.js
* | | c4a515b Creando style.css
| |/  
|/|   
* | 90c998b Creando index.html
|/  
* 8418295 Ignorando archivos .exe
* 7809840 Creando  licencia del repositorio
* a221435 Creando licencia del repositorio
* ad54c5f Agregando m치s contenido al README
* f279827 Agregando contenido inicial al README
* 76e6390 Primer commit 游때
